<?xml version="1.0" encoding="UTF-8"?>
<testsuite xmlns:xsi="http://www.w3.org/2001/XMLSchema-instance" xsi:noNamespaceSchemaLocation="https://maven.apache.org/surefire/maven-surefire-plugin/xsd/surefire-test-report.xsd" name="com.kenzo.runner.Runner" time="65.703" tests="11" errors="0" skipped="2" failures="0">
  <properties>
[...]
</properties>
  <testcase name="Given User launch the application" classname="Scenario: User will login the application" time="0.01"/>
  <testcase name="When User click the my account in the application" classname="Scenario: User will login the application" time="0"/>
  <testcase name="And User enter the valid email id" classname="Scenario: User will login the application" time="0"/>
  <testcase name="And User enter the valid password" classname="Scenario: User will login the application" time="0"/>
  <testcase name="Then User click the login button" classname="Scenario: User will login the application" time="0"/>
  <testcase name="Scenario: User will login the application" classname="Scenario: User will login the application" time="0"/>
  <testcase name="When User select the women product" classname="Scenario: User launch the home page of the application" time="0"/>
  <testcase name="Scenario: User launch the home page of the application" classname="Scenario: User launch the home page of the application" time="0"/>
  <testcase name="When User select the women skirts" classname="Scenario: User launch the women page of the application" time="0">
    <skipped/>
  </testcase>
  <testcase name="Scenario: User launch the women page of the application" classname="Scenario: User launch the women page of the application" time="0">
    <skipped/>
  </testcase>
  <testcase name="Scenario: User launch the women page of the application" classname="Scenario: User launch the women page of the application" time="0"/>
</testsuite>